<?xml version="1.0" encoding="UTF-8"?>
<testng-results skipped="0" failed="0" ignored="0" total="2" passed="2">
  <reporter-output>
  </reporter-output>
  <suite name="Default suite" duration-ms="98" started-at="2020-02-07T10:05:20 UTC" finished-at="2020-02-07T10:05:20 UTC">
    <groups>
    </groups>
    <test name="Default test" duration-ms="98" started-at="2020-02-07T10:05:20 UTC" finished-at="2020-02-07T10:05:20 UTC">
      <class name="tours.tours.Srini123Demo">
        <test-method status="PASS" signature="f(java.lang.String, java.lang.String)[pri:0, instance:tours.tours.Srini123Demo@7791a895]" name="f" duration-ms="14" started-at="2020-02-07T10:05:20 UTC" data-provider="creds" finished-at="2020-02-07T10:05:20 UTC">
          <params>
            <param index="0">
              <value>
                <![CDATA[demo]]>
              </value>
            </param>
            <param index="1">
              <value>
                <![CDATA[Pass5464]]>
              </value>
            </param>
          </params>
          <reporter-output>
          </reporter-output>
        </test-method> <!-- f -->
        <test-method status="PASS" signature="f(java.lang.String, java.lang.String)[pri:0, instance:tours.tours.Srini123Demo@7791a895]" name="f" duration-ms="0" started-at="2020-02-07T10:05:20 UTC" data-provider="creds" finished-at="2020-02-07T10:05:20 UTC">
          <params>
            <param index="0">
              <value>
                <![CDATA[tet56456]]>
              </value>
            </param>
            <param index="1">
              <value>
                <![CDATA[Pass546454]]>
              </value>
            </param>
          </params>
          <reporter-output>
          </reporter-output>
        </test-method> <!-- f -->
      </class> <!-- tours.tours.Srini123Demo -->
    </test> <!-- Default test -->
  </suite> <!-- Default suite -->
</testng-results>
